<?xml version="1.0" encoding="UTF-8"?>
<!-- Generated by org.testng.reporters.JUnitXMLReporter -->
<testsuite hostname="NAG1-LHP-41421" name="GithubChromeTest" tests="7" failures="0" timestamp="28 Dec 2017 15:31:52 GMT" time="244.307" errors="0">
  <testcase name="aLoginTest" time="7.916" classname="tests.LoginTest"/>
  <testcase name="aLoginTest" time="126.333" classname="tests.LoginTest"/>
  <testcase name="bCreatePublicGistButtonDisabled" time="3.978" classname="tests.CreateGistTest"/>
  <testcase name="dCreateRepositoryButtonDisabled" time="4.465" classname="tests.CreateRepositoryTest"/>
  <testcase name="cCreatePublicGistTest" time="6.937" classname="tests.CreateGistTest"/>
  <testcase name="eCreateRepositoryTest" time="2.977" classname="tests.CreateRepositoryTest"/>
  <testcase name="eCreateRepositoryTest" time="64.239" classname="tests.CreateRepositoryTest"/>
</testsuite> <!-- GithubChromeTest -->
